{"name": "test_subraction", "status": "failed", "statusDetails": {"message": "AssertionError: assert (1 - 1) == 1", "trace": "def test_subraction():\n>       assert 1-1 == 1\nE       assert (1 - 1) == 1\n\nJuly\\Ex_22072024\\test_Lab168.py:7: AssertionError"}, "start": 1722268978079, "stop": 1722268978079, "uuid": "edb3080e-c7c0-49bb-86b9-bf44612548fd", "historyId": "1684fb5744554f1238d9860f7e1ced5f", "testCaseId": "1684fb5744554f1238d9860f7e1ced5f", "fullName": "July.Ex_22072024.test_Lab168#test_subraction", "labels": [{"name": "parentSuite", "value": "July.Ex_22072024"}, {"name": "suite", "value": "test_Lab168"}, {"name": "host", "value": "Mathina"}, {"name": "thread", "value": "18156-MainThread"}, {"name": "framework", "value": "pytest"}, {"name": "language", "value": "cpython3"}, {"name": "package", "value": "July.Ex_22072024.test_Lab168"}]}